<?xml version="1.0" encoding="UTF-8"?>
<testsuite xmlns:xsi="http://www.w3.org/2001/XMLSchema-instance" xsi:noNamespaceSchemaLocation="https://maven.apache.org/surefire/maven-surefire-plugin/xsd/surefire-test-report.xsd" name="lt.codeacademy.AppTest" time="0.002" tests="0" errors="0" skipped="0" failures="0">
  <properties>
    <property name="sun.desktop" value="windows"/>
    <property name="awt.toolkit" value="sun.awt.windows.WToolkit"/>
    <property name="file.encoding.pkg" value="sun.io"/>
    <property name="java.specification.version" value="1.8"/>
    <property name="sun.cpu.isalist" value="amd64"/>
    <property name="sun.jnu.encoding" value="Cp1252"/>
    <property name="java.class.path" value="C:\Users\Puzas\Desktop\CodeAcademy-Kursas\First_Maven_Project\learn-maven\target\test-classes;C:\Users\Puzas\Desktop\CodeAcademy-Kursas\First_Maven_Project\learn-maven\target\classes;C:\Users\Puzas\.m2\repository\org\slf4j\slf4j-api\1.7.30\slf4j-api-1.7.30.jar;C:\Users\Puzas\.m2\repository\org\slf4j\slf4j-simple\1.7.30\slf4j-simple-1.7.30.jar;"/>
    <property name="java.vm.vendor" value="AdoptOpenJDK"/>
    <property name="sun.arch.data.model" value="64"/>
    <property name="user.variant" value=""/>
    <property name="java.vendor.url" value="http://java.oracle.com/"/>
    <property name="user.timezone" value="Europe/Helsinki"/>
    <property name="java.vm.specification.version" value="1.8"/>
    <property name="os.name" value="Windows 10"/>
    <property name="user.country" value="US"/>
    <property name="sun.java.launcher" value="SUN_STANDARD"/>
    <property name="sun.boot.library.path" value="C:\Users\Puzas\.jdks\adopt-openjdk-1.8.0_252\jre\bin"/>
    <property name="sun.java.command" value="C:\Users\Puzas\AppData\Local\Temp\surefire4149277047902034971\surefirebooter35611110900062979.jar C:\Users\Puzas\AppData\Local\Temp\surefire4149277047902034971 2020-08-26T19-59-10_115-jvmRun1 surefire1888688142962993238tmp surefire_06093037240924991409tmp"/>
    <property name="surefire.test.class.path" value="C:\Users\Puzas\Desktop\CodeAcademy-Kursas\First_Maven_Project\learn-maven\target\test-classes;C:\Users\Puzas\Desktop\CodeAcademy-Kursas\First_Maven_Project\learn-maven\target\classes;C:\Users\Puzas\.m2\repository\org\slf4j\slf4j-api\1.7.30\slf4j-api-1.7.30.jar;C:\Users\Puzas\.m2\repository\org\slf4j\slf4j-simple\1.7.30\slf4j-simple-1.7.30.jar;"/>
    <property name="sun.cpu.endian" value="little"/>
    <property name="user.home" value="C:\Users\Puzas"/>
    <property name="user.language" value="en"/>
    <property name="java.specification.vendor" value="Oracle Corporation"/>
    <property name="java.home" value="C:\Users\Puzas\.jdks\adopt-openjdk-1.8.0_252\jre"/>
    <property name="basedir" value="C:\Users\Puzas\Desktop\CodeAcademy-Kursas\First_Maven_Project\learn-maven"/>
    <property name="file.separator" value="\"/>
    <property name="line.separator" value="&#10;"/>
    <property name="java.vm.specification.vendor" value="Oracle Corporation"/>
    <property name="java.specification.name" value="Java Platform API Specification"/>
    <property name="java.awt.graphicsenv" value="sun.awt.Win32GraphicsEnvironment"/>
    <property name="surefire.real.class.path" value="C:\Users\Puzas\AppData\Local\Temp\surefire4149277047902034971\surefirebooter35611110900062979.jar"/>
    <property name="sun.boot.class.path" value="C:\Users\Puzas\.jdks\adopt-openjdk-1.8.0_252\jre\lib\resources.jar;C:\Users\Puzas\.jdks\adopt-openjdk-1.8.0_252\jre\lib\rt.jar;C:\Users\Puzas\.jdks\adopt-openjdk-1.8.0_252\jre\lib\sunrsasign.jar;C:\Users\Puzas\.jdks\adopt-openjdk-1.8.0_252\jre\lib\jsse.jar;C:\Users\Puzas\.jdks\adopt-openjdk-1.8.0_252\jre\lib\jce.jar;C:\Users\Puzas\.jdks\adopt-openjdk-1.8.0_252\jre\lib\charsets.jar;C:\Users\Puzas\.jdks\adopt-openjdk-1.8.0_252\jre\lib\jfr.jar;C:\Users\Puzas\.jdks\adopt-openjdk-1.8.0_252\jre\classes"/>
    <property name="user.script" value=""/>
    <property name="sun.management.compiler" value="HotSpot 64-Bit Tiered Compilers"/>
    <property name="java.runtime.version" value="1.8.0_252-b09"/>
    <property name="user.name" value="Puzas"/>
    <property name="path.separator" value=";"/>
    <property name="os.version" value="10.0"/>
    <property name="java.endorsed.dirs" value="C:\Users\Puzas\.jdks\adopt-openjdk-1.8.0_252\jre\lib\endorsed"/>
    <property name="java.runtime.name" value="OpenJDK Runtime Environment"/>
    <property name="file.encoding" value="Cp1252"/>
    <property name="java.vm.name" value="OpenJDK 64-Bit Server VM"/>
    <property name="localRepository" value="C:\Users\Puzas\.m2\repository"/>
    <property name="java.vendor.url.bug" value="http://bugreport.sun.com/bugreport/"/>
    <property name="java.io.tmpdir" value="C:\Users\Puzas\AppData\Local\Temp\"/>
    <property name="idea.version" value="2020.2.1"/>
    <property name="java.version" value="1.8.0_252"/>
    <property name="user.dir" value="C:\Users\Puzas\Desktop\CodeAcademy-Kursas\First_Maven_Project\learn-maven"/>
    <property name="os.arch" value="amd64"/>
    <property name="java.vm.specification.name" value="Java Virtual Machine Specification"/>
    <property name="java.awt.printerjob" value="sun.awt.windows.WPrinterJob"/>
    <property name="sun.os.patch.level" value=""/>
    <property name="java.library.path" value="C:\Users\Puzas\.jdks\adopt-openjdk-1.8.0_252\jre\bin;C:\WINDOWS\Sun\Java\bin;C:\WINDOWS\system32;C:\WINDOWS;C:\Program Files\AdoptOpenJDK\jdk-13.0.2.8-hotspot\bin;C:\apache-maven-3.6.3\bin;C:\Users\Puzas\AppData\Local\Programs\Python\Python38\Scripts\;C:\Users\Puzas\AppData\Local\Programs\Python\Python38\;C:\Users\Puzas\AppData\Local\Microsoft\WindowsApps;C:\Users\Puzas\AppData\Local\Programs\Microsoft VS Code\bin;C:\Users\Puzas\Python Scripts;C:\Users\Puzas\AppData\Local\Keybase\;C:\Program Files\JetBrains\IntelliJ IDEA Community Edition 2020.2\bin;;C:\Users\Puzas\AppData\Local\Microsoft\WindowsApps;;."/>
    <property name="java.vm.info" value="mixed mode"/>
    <property name="java.vendor" value="AdoptOpenJDK"/>
    <property name="java.vm.version" value="25.252-b09"/>
    <property name="java.ext.dirs" value="C:\Users\Puzas\.jdks\adopt-openjdk-1.8.0_252\jre\lib\ext;C:\WINDOWS\Sun\Java\lib\ext"/>
    <property name="sun.io.unicode.encoding" value="UnicodeLittle"/>
    <property name="java.class.version" value="52.0"/>
  </properties>
</testsuite>